app/build/intermediates/manifest_merge_blame_file/debug/manifest-merger-blame-debug-report.txt
1<?xml version="1.0" encoding="utf-8"?>
2<manifest xmlns:android="http://schemas.android.com/apk/res/android"
3    package="com.v5foradnroid.userapp"
4    android:versionCode="1"
5    android:versionName="1.0" >
6
7    <uses-sdk
8        android:minSdkVersion="26"
8-->src\main\AndroidManifest.xml
9        android:targetSdkVersion="34" />
9-->src\main\AndroidManifest.xml
10
11    <uses-feature
11-->src\main\AndroidManifest.xml:5:5-7:36
12        android:name="android.hardware.camera"
12-->src\main\AndroidManifest.xml:6:9-47
13        android:required="false" />
13-->src\main\AndroidManifest.xml:7:9-33
14
15    <uses-permission android:name="android.permission.ACCESS_COARSE_LOCATION" />
15-->src\main\AndroidManifest.xml:9:5-81
15-->src\main\AndroidManifest.xml:9:22-78
16    <uses-permission android:name="android.permission.ACCESS_FINE_LOCATION" />
16-->src\main\AndroidManifest.xml:10:5-79
16-->src\main\AndroidManifest.xml:10:22-76
17    <uses-permission android:name="android.permission.INTERNET" />
17-->src\main\AndroidManifest.xml:11:5-67
17-->src\main\AndroidManifest.xml:11:22-64
18    <uses-permission android:name="android.permission.ACCESS_NETWORK_STATE" />
18-->src\main\AndroidManifest.xml:12:5-79
18-->src\main\AndroidManifest.xml:12:22-76
19    <uses-permission android:name="android.permission.ACCESS_WIFI_STATE" />
19-->src\main\AndroidManifest.xml:13:5-76
19-->src\main\AndroidManifest.xml:13:22-73
20    <uses-permission android:name="android.permission.READ_EXTERNAL_STORAGE" />
20-->src\main\AndroidManifest.xml:14:5-80
20-->src\main\AndroidManifest.xml:14:22-77
21    <uses-permission android:name="android.permission.WRITE_EXTERNAL_STORAGE" />
21-->src\main\AndroidManifest.xml:15:5-81
21-->src\main\AndroidManifest.xml:15:22-78
22    <uses-permission android:name="android.permission.CAMERA" />
22-->src\main\AndroidManifest.xml:16:5-65
22-->src\main\AndroidManifest.xml:16:22-62
23    <uses-permission android:name="android.permission.USE_BIOMETRIC" />
23-->src\main\AndroidManifest.xml:17:5-72
23-->src\main\AndroidManifest.xml:17:22-69
24    <uses-permission android:name="android.permission.USE_FINGERPRINT" />
24-->src\main\AndroidManifest.xml:18:5-74
24-->src\main\AndroidManifest.xml:18:22-71
25    <uses-permission android:name="android.permission.POST_NOTIFICATIONS" />
25-->src\main\AndroidManifest.xml:19:5-77
25-->src\main\AndroidManifest.xml:19:22-74
26    <uses-permission android:name="android.permission.WAKE_LOCK" />
26-->src\main\AndroidManifest.xml:20:5-68
26-->src\main\AndroidManifest.xml:20:22-65
27    <uses-permission android:name="com.google.android.c2dm.permission.RECEIVE" />
27-->src\main\AndroidManifest.xml:21:5-82
27-->src\main\AndroidManifest.xml:21:22-79
28    <uses-permission android:name="com.google.android.finsky.permission.BIND_GET_INSTALL_REFERRER_SERVICE" />
28-->src\main\AndroidManifest.xml:22:5-110
28-->src\main\AndroidManifest.xml:22:22-107
29
30    <!-- Create a unique permission for your app and use it so only your app can receive your OneSignal messages. -->
31    <permission
31-->[com.onesignal:OneSignal:4.8.6] AndroidManifest.xml:7:5-9:47
32        android:name="com.v5foradnroid.userapp.permission.C2D_MESSAGE"
32-->[com.onesignal:OneSignal:4.8.6] AndroidManifest.xml:8:9-63
33        android:protectionLevel="signature" />
33-->[com.onesignal:OneSignal:4.8.6] AndroidManifest.xml:9:9-44
34
35    <uses-permission android:name="com.v5foradnroid.userapp.permission.C2D_MESSAGE" />
35-->[com.onesignal:OneSignal:4.8.6] AndroidManifest.xml:11:5-79
35-->[com.onesignal:OneSignal:4.8.6] AndroidManifest.xml:11:22-76
36    <!--
37 Required so the device vibrates on receiving a push notification.
38         Vibration settings of the device still apply.
39    -->
40    <uses-permission android:name="android.permission.VIBRATE" />
40-->[com.onesignal:OneSignal:4.8.6] AndroidManifest.xml:24:5-66
40-->[com.onesignal:OneSignal:4.8.6] AndroidManifest.xml:24:22-63
41    <!--
42 Use to restore notifications the user hasn't interacted with.
43         They could be missed notifications if the user reboots their device if this isn't in place.
44    -->
45    <uses-permission android:name="android.permission.RECEIVE_BOOT_COMPLETED" /> <!-- START: ShortcutBadger -->
45-->[com.onesignal:OneSignal:4.8.6] AndroidManifest.xml:30:5-81
45-->[com.onesignal:OneSignal:4.8.6] AndroidManifest.xml:30:22-78
46    <!-- Samsung -->
47    <uses-permission android:name="com.sec.android.provider.badge.permission.READ" />
47-->[com.onesignal:OneSignal:4.8.6] AndroidManifest.xml:32:5-86
47-->[com.onesignal:OneSignal:4.8.6] AndroidManifest.xml:32:22-83
48    <uses-permission android:name="com.sec.android.provider.badge.permission.WRITE" /> <!-- HTC -->
48-->[com.onesignal:OneSignal:4.8.6] AndroidManifest.xml:33:5-87
48-->[com.onesignal:OneSignal:4.8.6] AndroidManifest.xml:33:22-84
49    <uses-permission android:name="com.htc.launcher.permission.READ_SETTINGS" />
49-->[com.onesignal:OneSignal:4.8.6] AndroidManifest.xml:34:5-81
49-->[com.onesignal:OneSignal:4.8.6] AndroidManifest.xml:34:22-78
50    <uses-permission android:name="com.htc.launcher.permission.UPDATE_SHORTCUT" /> <!-- Sony -->
50-->[com.onesignal:OneSignal:4.8.6] AndroidManifest.xml:35:5-83
50-->[com.onesignal:OneSignal:4.8.6] AndroidManifest.xml:35:22-80
51    <uses-permission android:name="com.sonyericsson.home.permission.BROADCAST_BADGE" />
51-->[com.onesignal:OneSignal:4.8.6] AndroidManifest.xml:36:5-88
51-->[com.onesignal:OneSignal:4.8.6] AndroidManifest.xml:36:22-85
52    <uses-permission android:name="com.sonymobile.home.permission.PROVIDER_INSERT_BADGE" /> <!-- Apex -->
52-->[com.onesignal:OneSignal:4.8.6] AndroidManifest.xml:37:5-92
52-->[com.onesignal:OneSignal:4.8.6] AndroidManifest.xml:37:22-89
53    <uses-permission android:name="com.anddoes.launcher.permission.UPDATE_COUNT" /> <!-- Solid -->
53-->[com.onesignal:OneSignal:4.8.6] AndroidManifest.xml:38:5-84
53-->[com.onesignal:OneSignal:4.8.6] AndroidManifest.xml:38:22-81
54    <uses-permission android:name="com.majeur.launcher.permission.UPDATE_BADGE" /> <!-- Huawei -->
54-->[com.onesignal:OneSignal:4.8.6] AndroidManifest.xml:39:5-83
54-->[com.onesignal:OneSignal:4.8.6] AndroidManifest.xml:39:22-80
55    <uses-permission android:name="com.huawei.android.launcher.permission.CHANGE_BADGE" />
55-->[com.onesignal:OneSignal:4.8.6] AndroidManifest.xml:40:5-91
55-->[com.onesignal:OneSignal:4.8.6] AndroidManifest.xml:40:22-88
56    <uses-permission android:name="com.huawei.android.launcher.permission.READ_SETTINGS" />
56-->[com.onesignal:OneSignal:4.8.6] AndroidManifest.xml:41:5-92
56-->[com.onesignal:OneSignal:4.8.6] AndroidManifest.xml:41:22-89
57    <uses-permission android:name="com.huawei.android.launcher.permission.WRITE_SETTINGS" /> <!-- ZUK -->
57-->[com.onesignal:OneSignal:4.8.6] AndroidManifest.xml:42:5-93
57-->[com.onesignal:OneSignal:4.8.6] AndroidManifest.xml:42:22-90
58    <uses-permission android:name="android.permission.READ_APP_BADGE" /> <!-- OPPO -->
58-->[com.onesignal:OneSignal:4.8.6] AndroidManifest.xml:43:5-73
58-->[com.onesignal:OneSignal:4.8.6] AndroidManifest.xml:43:22-70
59    <uses-permission android:name="com.oppo.launcher.permission.READ_SETTINGS" />
59-->[com.onesignal:OneSignal:4.8.6] AndroidManifest.xml:44:5-82
59-->[com.onesignal:OneSignal:4.8.6] AndroidManifest.xml:44:22-79
60    <uses-permission android:name="com.oppo.launcher.permission.WRITE_SETTINGS" /> <!-- EvMe -->
60-->[com.onesignal:OneSignal:4.8.6] AndroidManifest.xml:45:5-83
60-->[com.onesignal:OneSignal:4.8.6] AndroidManifest.xml:45:22-80
61    <uses-permission android:name="me.everything.badger.permission.BADGE_COUNT_READ" />
61-->[com.onesignal:OneSignal:4.8.6] AndroidManifest.xml:46:5-88
61-->[com.onesignal:OneSignal:4.8.6] AndroidManifest.xml:46:22-85
62    <uses-permission android:name="me.everything.badger.permission.BADGE_COUNT_WRITE" />
62-->[com.onesignal:OneSignal:4.8.6] AndroidManifest.xml:47:5-89
62-->[com.onesignal:OneSignal:4.8.6] AndroidManifest.xml:47:22-86
63    <uses-permission android:name="com.google.android.gms.permission.AD_ID" />
63-->[com.google.android.gms:play-services-measurement-api:21.2.0] AndroidManifest.xml:25:5-79
63-->[com.google.android.gms:play-services-measurement-api:21.2.0] AndroidManifest.xml:25:22-76
64    <uses-permission android:name="android.permission.FOREGROUND_SERVICE" />
64-->[androidx.work:work-runtime:2.7.1] AndroidManifest.xml:28:5-77
64-->[androidx.work:work-runtime:2.7.1] AndroidManifest.xml:28:22-74
65
66    <permission
66-->[androidx.core:core:1.9.0] AndroidManifest.xml:22:5-24:47
67        android:name="com.v5foradnroid.userapp.DYNAMIC_RECEIVER_NOT_EXPORTED_PERMISSION"
67-->[androidx.core:core:1.9.0] AndroidManifest.xml:23:9-81
68        android:protectionLevel="signature" />
68-->[androidx.core:core:1.9.0] AndroidManifest.xml:24:9-44
69
70    <uses-permission android:name="com.v5foradnroid.userapp.DYNAMIC_RECEIVER_NOT_EXPORTED_PERMISSION" />
70-->[androidx.core:core:1.9.0] AndroidManifest.xml:26:5-97
70-->[androidx.core:core:1.9.0] AndroidManifest.xml:26:22-94
71
72    <application
72-->src\main\AndroidManifest.xml:24:5-355:19
73        android:name="com.v5foradnroid.userapp.activities.MyApplication"
73-->src\main\AndroidManifest.xml:25:9-49
74        android:allowBackup="true"
74-->src\main\AndroidManifest.xml:26:9-35
75        android:appComponentFactory="androidx.core.app.CoreComponentFactory"
75-->src\main\AndroidManifest.xml:27:9-77
76        android:dataExtractionRules="@xml/data_extraction_rules"
76-->src\main\AndroidManifest.xml:28:9-65
77        android:debuggable="true"
78        android:extractNativeLibs="false"
79        android:fullBackupContent="@xml/backup_rules"
79-->src\main\AndroidManifest.xml:29:9-54
80        android:icon="@mipmap/ic_launcher"
80-->src\main\AndroidManifest.xml:30:9-43
81        android:label="@string/app_name"
81-->src\main\AndroidManifest.xml:31:9-41
82        android:requestLegacyExternalStorage="true"
82-->src\main\AndroidManifest.xml:32:9-52
83        android:supportsRtl="true"
83-->src\main\AndroidManifest.xml:33:9-35
84        android:testOnly="true"
85        android:theme="@style/Theme.ecomflexi"
85-->src\main\AndroidManifest.xml:34:9-47
86        android:usesCleartextTraffic="true" >
86-->src\main\AndroidManifest.xml:35:9-44
87        <activity
87-->src\main\AndroidManifest.xml:37:9-39:40
88            android:name="com.v5foradnroid.userapp.activities.BngQrPg"
88-->src\main\AndroidManifest.xml:38:13-47
89            android:exported="false" />
89-->src\main\AndroidManifest.xml:39:13-37
90        <activity
90-->src\main\AndroidManifest.xml:40:9-42:40
91            android:name="com.v5foradnroid.userapp.sliderAdapter.PayAmount"
91-->src\main\AndroidManifest.xml:41:13-52
92            android:exported="false" />
92-->src\main\AndroidManifest.xml:42:13-37
93        <activity
93-->src\main\AndroidManifest.xml:43:9-45:40
94            android:name="com.v5foradnroid.userapp.sliderAdapter.PayAct"
94-->src\main\AndroidManifest.xml:44:13-49
95            android:exported="false" />
95-->src\main\AndroidManifest.xml:45:13-37
96
97        <provider
98            android:name="androidx.core.content.FileProvider"
98-->src\main\AndroidManifest.xml:48:13-62
99            android:authorities="com.v5foradnroid.userapp.fileprovider"
99-->src\main\AndroidManifest.xml:49:13-72
100            android:exported="false"
100-->src\main\AndroidManifest.xml:50:13-37
101            android:grantUriPermissions="true" >
101-->src\main\AndroidManifest.xml:51:13-47
102            <meta-data
102-->src\main\AndroidManifest.xml:52:13-55:58
103                android:name="android.support.FILE_PROVIDER_PATHS"
103-->src\main\AndroidManifest.xml:53:17-67
104                android:exported="true"
104-->src\main\AndroidManifest.xml:54:17-40
105                android:resource="@xml/provider_paths" />
105-->src\main\AndroidManifest.xml:55:17-55
106        </provider>
107
108        <meta-data
108-->src\main\AndroidManifest.xml:58:9-61:35
109            android:name="com.google.firebase.ml.vision.DEPENDENCIES"
109-->src\main\AndroidManifest.xml:59:13-70
110            android:exported="true"
110-->src\main\AndroidManifest.xml:60:13-36
111            android:value="ocr" />
111-->src\main\AndroidManifest.xml:61:13-32
112
113        <receiver
113-->src\main\AndroidManifest.xml:63:9-70:20
114            android:name="com.onesignal.GcmBroadcastReceiver"
114-->src\main\AndroidManifest.xml:64:13-62
115            android:exported="false" >
115-->src\main\AndroidManifest.xml:65:13-37
116            <intent-filter>
116-->src\main\AndroidManifest.xml:66:13-69:29
117                <action android:name="com.google.android.c2dm.intent.RECEIVE" />
117-->src\main\AndroidManifest.xml:67:17-81
117-->src\main\AndroidManifest.xml:67:25-78
118
119                <category android:name="com.v5foradnroid.userapp" />
119-->src\main\AndroidManifest.xml:68:27-58
120            </intent-filter>
121        </receiver>
122
123        <uses-library
123-->src\main\AndroidManifest.xml:72:9-74:40
124            android:name="org.apache.http.legacy"
124-->src\main\AndroidManifest.xml:73:13-50
125            android:required="false" />
125-->src\main\AndroidManifest.xml:74:13-37
126
127        <activity
127-->src\main\AndroidManifest.xml:76:9-83:20
128            android:name="com.v5foradnroid.userapp.Start"
128-->src\main\AndroidManifest.xml:77:13-34
129            android:exported="true" >
129-->src\main\AndroidManifest.xml:78:13-36
130            <intent-filter>
130-->src\main\AndroidManifest.xml:79:13-82:29
131                <action android:name="android.intent.action.MAIN" />
131-->src\main\AndroidManifest.xml:80:17-69
131-->src\main\AndroidManifest.xml:80:25-66
132
133                <category android:name="android.intent.category.LAUNCHER" />
133-->src\main\AndroidManifest.xml:81:17-77
133-->src\main\AndroidManifest.xml:81:27-74
134            </intent-filter>
135        </activity>
136        <activity
136-->src\main\AndroidManifest.xml:84:9-87:43
137            android:name="com.v5foradnroid.userapp.view.MainActivityc"
137-->src\main\AndroidManifest.xml:85:13-47
138            android:exported="true"
138-->src\main\AndroidManifest.xml:86:13-36
139            android:label="New Request" />
139-->src\main\AndroidManifest.xml:87:13-40
140        <activity
140-->src\main\AndroidManifest.xml:88:9-91:42
141            android:name="com.v5foradnroid.userapp.Myprofile"
141-->src\main\AndroidManifest.xml:89:13-38
142            android:exported="true"
142-->src\main\AndroidManifest.xml:90:13-36
143            android:label="My profile" />
143-->src\main\AndroidManifest.xml:91:13-39
144        <activity
144-->src\main\AndroidManifest.xml:92:9-95:40
145            android:name="com.v5foradnroid.userapp.Twostep"
145-->src\main\AndroidManifest.xml:93:13-36
146            android:exported="true"
146-->src\main\AndroidManifest.xml:94:13-36
147            android:label="Two step" />
147-->src\main\AndroidManifest.xml:95:13-37
148        <activity
148-->src\main\AndroidManifest.xml:96:9-99:44
149            android:name="com.v5foradnroid.userapp.Addpic"
149-->src\main\AndroidManifest.xml:97:13-35
150            android:exported="true"
150-->src\main\AndroidManifest.xml:98:13-36
151            android:label="Scan Id Card" />
151-->src\main\AndroidManifest.xml:99:13-41
152        <activity
152-->src\main\AndroidManifest.xml:100:9-103:42
153            android:name="com.v5foradnroid.userapp.Cropm"
153-->src\main\AndroidManifest.xml:101:13-34
154            android:exported="true"
154-->src\main\AndroidManifest.xml:102:13-36
155            android:label="Crop Image" />
155-->src\main\AndroidManifest.xml:103:13-39
156        <activity
156-->src\main\AndroidManifest.xml:104:9-107:40
157            android:name="com.v5foradnroid.userapp.Billpay"
157-->src\main\AndroidManifest.xml:105:13-36
158            android:exported="true"
158-->src\main\AndroidManifest.xml:106:13-36
159            android:label="Bill pay" />
159-->src\main\AndroidManifest.xml:107:13-37
160        <activity
160-->src\main\AndroidManifest.xml:108:9-111:51
161            android:name="com.v5foradnroid.userapp.New_support"
161-->src\main\AndroidManifest.xml:109:13-40
162            android:exported="true"
162-->src\main\AndroidManifest.xml:110:13-36
163            android:label="New Support Tricket" />
163-->src\main\AndroidManifest.xml:111:13-48
164        <activity
164-->src\main\AndroidManifest.xml:112:9-115:47
165            android:name="com.v5foradnroid.userapp.Tricket_main_read"
165-->src\main\AndroidManifest.xml:113:13-46
166            android:exported="true"
166-->src\main\AndroidManifest.xml:114:13-36
167            android:label="Support Tricket" />
167-->src\main\AndroidManifest.xml:115:13-44
168        <activity
168-->src\main\AndroidManifest.xml:116:9-119:47
169            android:name="com.v5foradnroid.userapp.Tricket_main"
169-->src\main\AndroidManifest.xml:117:13-41
170            android:exported="true"
170-->src\main\AndroidManifest.xml:118:13-36
171            android:label="Support Tricket" />
171-->src\main\AndroidManifest.xml:119:13-44
172        <activity
172-->src\main\AndroidManifest.xml:120:9-123:46
173            android:name="com.v5foradnroid.userapp.RegisterActivity"
173-->src\main\AndroidManifest.xml:121:13-45
174            android:exported="true"
174-->src\main\AndroidManifest.xml:122:13-36
175            android:label="Create Account" />
175-->src\main\AndroidManifest.xml:123:13-43
176        <activity
176-->src\main\AndroidManifest.xml:124:9-127:44
177            android:name="com.v5foradnroid.userapp.Welcome"
177-->src\main\AndroidManifest.xml:125:13-36
178            android:exported="true"
178-->src\main\AndroidManifest.xml:126:13-36
179            android:label="Service list" />
179-->src\main\AndroidManifest.xml:127:13-41
180        <activity
180-->src\main\AndroidManifest.xml:128:9-131:45
181            android:name="com.v5foradnroid.userapp.Banktransfer"
181-->src\main\AndroidManifest.xml:129:13-41
182            android:exported="true"
182-->src\main\AndroidManifest.xml:130:13-36
183            android:label="Bank Transfer" />
183-->src\main\AndroidManifest.xml:131:13-42
184        <activity
184-->src\main\AndroidManifest.xml:132:9-134:43
185            android:name="com.v5foradnroid.userapp.PinActivity"
185-->src\main\AndroidManifest.xml:133:13-40
186            android:label="Pin Confirm" />
186-->src\main\AndroidManifest.xml:134:13-40
187        <activity
187-->src\main\AndroidManifest.xml:135:9-138:39
188            android:name="com.v5foradnroid.userapp.Mainlist"
188-->src\main\AndroidManifest.xml:136:13-37
189            android:exported="true"
189-->src\main\AndroidManifest.xml:137:13-36
190            android:label="History" />
190-->src\main\AndroidManifest.xml:138:13-36
191        <activity
191-->src\main\AndroidManifest.xml:139:9-142:44
192            android:name="com.v5foradnroid.userapp.News"
192-->src\main\AndroidManifest.xml:140:13-33
193            android:exported="true"
193-->src\main\AndroidManifest.xml:141:13-36
194            android:label="Notice Board" />
194-->src\main\AndroidManifest.xml:142:13-41
195        <activity
195-->src\main\AndroidManifest.xml:143:9-146:39
196            android:name="com.v5foradnroid.userapp.web"
196-->src\main\AndroidManifest.xml:144:13-32
197            android:exported="true"
197-->src\main\AndroidManifest.xml:145:13-36
198            android:label="Welcome" />
198-->src\main\AndroidManifest.xml:146:13-36
199        <activity
199-->src\main\AndroidManifest.xml:147:9-150:38
200            android:name="com.v5foradnroid.userapp.Login_Activity"
200-->src\main\AndroidManifest.xml:148:13-43
201            android:exported="true"
201-->src\main\AndroidManifest.xml:149:13-36
202            android:label="Signin" />
202-->src\main\AndroidManifest.xml:150:13-35
203        <activity
203-->src\main\AndroidManifest.xml:151:9-154:35
204            android:name="com.v5foradnroid.userapp.pinver"
204-->src\main\AndroidManifest.xml:152:13-35
205            android:exported="true"
205-->src\main\AndroidManifest.xml:153:13-36
206            android:label="Pin" />
206-->src\main\AndroidManifest.xml:154:13-32
207        <activity
207-->src\main\AndroidManifest.xml:155:9-158:43
208            android:name="com.v5foradnroid.userapp.DisplayActivity"
208-->src\main\AndroidManifest.xml:156:13-44
209            android:exported="true"
209-->src\main\AndroidManifest.xml:157:13-36
210            android:label="New Request" />
210-->src\main\AndroidManifest.xml:158:13-40
211        <activity
211-->src\main\AndroidManifest.xml:159:9-162:43
212            android:name="com.v5foradnroid.userapp.DisplayActivitya"
212-->src\main\AndroidManifest.xml:160:13-45
213            android:exported="true"
213-->src\main\AndroidManifest.xml:161:13-36
214            android:label="New Request" />
214-->src\main\AndroidManifest.xml:162:13-40
215        <activity
215-->src\main\AndroidManifest.xml:163:9-166:47
216            android:name="com.v5foradnroid.userapp.Operator"
216-->src\main\AndroidManifest.xml:164:13-37
217            android:exported="true"
217-->src\main\AndroidManifest.xml:165:13-36
218            android:label="Select Operator" />
218-->src\main\AndroidManifest.xml:166:13-44
219        <activity
219-->src\main\AndroidManifest.xml:167:9-170:44
220            android:name="com.v5foradnroid.userapp.Addres"
220-->src\main\AndroidManifest.xml:168:13-35
221            android:exported="true"
221-->src\main\AndroidManifest.xml:169:13-36
222            android:label="Add reseller" />
222-->src\main\AndroidManifest.xml:170:13-41
223        <activity
223-->src\main\AndroidManifest.xml:171:9-174:44
224            android:name="com.v5foradnroid.userapp.Myreseller"
224-->src\main\AndroidManifest.xml:172:13-39
225            android:exported="true"
225-->src\main\AndroidManifest.xml:173:13-36
226            android:label="Add reseller" />
226-->src\main\AndroidManifest.xml:174:13-41
227        <activity
227-->src\main\AndroidManifest.xml:175:9-178:40
228            android:name="com.v5foradnroid.userapp.Develop"
228-->src\main\AndroidManifest.xml:176:13-36
229            android:exported="true"
229-->src\main\AndroidManifest.xml:177:13-36
230            android:label="About us" />
230-->src\main\AndroidManifest.xml:178:13-37
231        <activity
231-->src\main\AndroidManifest.xml:179:9-182:42
232            android:name="com.v5foradnroid.userapp.service_a"
232-->src\main\AndroidManifest.xml:180:13-38
233            android:exported="true"
233-->src\main\AndroidManifest.xml:181:13-36
234            android:label="Service us" />
234-->src\main\AndroidManifest.xml:182:13-39
235        <activity
235-->src\main\AndroidManifest.xml:183:9-186:36
236            android:name="com.v5foradnroid.userapp.Editres"
236-->src\main\AndroidManifest.xml:184:13-36
237            android:exported="true"
237-->src\main\AndroidManifest.xml:185:13-36
238            android:label="Edit" />
238-->src\main\AndroidManifest.xml:186:13-33
239        <activity
239-->src\main\AndroidManifest.xml:187:9-190:39
240            android:name="com.v5foradnroid.userapp.Payment"
240-->src\main\AndroidManifest.xml:188:13-36
241            android:exported="true"
241-->src\main\AndroidManifest.xml:189:13-36
242            android:label="Payment" />
242-->src\main\AndroidManifest.xml:190:13-36
243        <activity
243-->src\main\AndroidManifest.xml:191:9-194:40
244            android:name="com.v5foradnroid.userapp.Transfer"
244-->src\main\AndroidManifest.xml:192:13-37
245            android:exported="true"
245-->src\main\AndroidManifest.xml:193:13-36
246            android:label="Transfer" />
246-->src\main\AndroidManifest.xml:194:13-37
247        <activity
247-->src\main\AndroidManifest.xml:195:9-198:40
248            android:name="com.v5foradnroid.userapp.Smssend"
248-->src\main\AndroidManifest.xml:196:13-36
249            android:exported="true"
249-->src\main\AndroidManifest.xml:197:13-36
250            android:label="Send Sms" />
250-->src\main\AndroidManifest.xml:198:13-37
251        <activity
251-->src\main\AndroidManifest.xml:199:9-202:39
252            android:name="com.v5foradnroid.userapp.history_op"
252-->src\main\AndroidManifest.xml:200:13-39
253            android:exported="true"
253-->src\main\AndroidManifest.xml:201:13-36
254            android:label="History" />
254-->src\main\AndroidManifest.xml:202:13-36
255        <activity
255-->src\main\AndroidManifest.xml:203:9-206:47
256            android:name="com.v5foradnroid.userapp.Password"
256-->src\main\AndroidManifest.xml:204:13-37
257            android:exported="true"
257-->src\main\AndroidManifest.xml:205:13-36
258            android:label="Password Change" />
258-->src\main\AndroidManifest.xml:206:13-44
259        <activity
259-->src\main\AndroidManifest.xml:207:9-210:42
260            android:name="com.v5foradnroid.userapp.Pinc"
260-->src\main\AndroidManifest.xml:208:13-33
261            android:exported="true"
261-->src\main\AndroidManifest.xml:209:13-36
262            android:label="Pin change" />
262-->src\main\AndroidManifest.xml:210:13-39
263        <activity
263-->src\main\AndroidManifest.xml:211:9-214:41
264            android:name="com.v5foradnroid.userapp.mydevice"
264-->src\main\AndroidManifest.xml:212:13-37
265            android:exported="true"
265-->src\main\AndroidManifest.xml:213:13-36
266            android:label="My Device" />
266-->src\main\AndroidManifest.xml:214:13-38
267        <activity
267-->src\main\AndroidManifest.xml:215:9-218:44
268            android:name="com.v5foradnroid.userapp.makepay"
268-->src\main\AndroidManifest.xml:216:13-36
269            android:exported="true"
269-->src\main\AndroidManifest.xml:217:13-36
270            android:label="Make payment" />
270-->src\main\AndroidManifest.xml:218:13-41
271        <activity
271-->src\main\AndroidManifest.xml:219:9-222:47
272            android:name="com.v5foradnroid.userapp.Internet"
272-->src\main\AndroidManifest.xml:220:13-37
273            android:exported="true"
273-->src\main\AndroidManifest.xml:221:13-36
274            android:label="Internet Pakage" />
274-->src\main\AndroidManifest.xml:222:13-44
275        <activity
275-->src\main\AndroidManifest.xml:223:9-226:44
276            android:name="com.v5foradnroid.userapp.Payment_type"
276-->src\main\AndroidManifest.xml:224:13-41
277            android:exported="true"
277-->src\main\AndroidManifest.xml:225:13-36
278            android:label="Payment type" />
278-->src\main\AndroidManifest.xml:226:13-41
279        <activity
279-->src\main\AndroidManifest.xml:227:9-230:43
280            android:name="com.v5foradnroid.userapp.Dlock"
280-->src\main\AndroidManifest.xml:228:13-34
281            android:exported="true"
281-->src\main\AndroidManifest.xml:229:13-36
282            android:label="Device Lock" />
282-->src\main\AndroidManifest.xml:230:13-40
283        <activity
283-->src\main\AndroidManifest.xml:231:9-233:40
284            android:name="com.v5foradnroid.userapp.activities.ChangeLocationActivity"
284-->src\main\AndroidManifest.xml:232:13-62
285            android:exported="false" />
285-->src\main\AndroidManifest.xml:233:13-37
286
287        <receiver
287-->src\main\AndroidManifest.xml:235:9-243:20
288            android:name="com.v5foradnroid.userapp.notification.FirebaseBroadcastReceiver"
288-->src\main\AndroidManifest.xml:236:13-67
289            android:exported="true"
289-->src\main\AndroidManifest.xml:237:13-36
290            android:permission="com.google.android.c2dm.permission.SEND" >
290-->src\main\AndroidManifest.xml:238:13-73
291            <intent-filter>
291-->src\main\AndroidManifest.xml:239:13-242:29
292                <action android:name="com.google.android.c2dm.intent.RECEIVE" />
292-->src\main\AndroidManifest.xml:67:17-81
292-->src\main\AndroidManifest.xml:67:25-78
293
294                <category android:name="com.ecomflexi.softwarelabbd" />
294-->src\main\AndroidManifest.xml:241:17-72
294-->src\main\AndroidManifest.xml:241:27-69
295            </intent-filter>
296        </receiver>
297
298        <provider
298-->src\main\AndroidManifest.xml:245:9-249:51
299            android:name="com.squareup.picasso.PicassoProvider"
299-->src\main\AndroidManifest.xml:246:13-64
300            android:authorities="com.v5foradnroid.userapp.com.squareup.picasso"
300-->src\main\AndroidManifest.xml:247:13-80
301            android:exported="false" />
301-->src\main\AndroidManifest.xml:248:13-37
302
303        <receiver
303-->src\main\AndroidManifest.xml:251:9-254:48
304            android:name="com.onesignal.BootUpReceiver"
304-->src\main\AndroidManifest.xml:252:13-56
305            android:exported="true" >
305-->src\main\AndroidManifest.xml:253:13-36
306            <intent-filter>
306-->[com.onesignal:OneSignal:4.8.6] AndroidManifest.xml:108:13-111:29
307                <action android:name="android.intent.action.BOOT_COMPLETED" />
307-->[com.onesignal:OneSignal:4.8.6] AndroidManifest.xml:109:17-79
307-->[com.onesignal:OneSignal:4.8.6] AndroidManifest.xml:109:25-76
308                <action android:name="android.intent.action.QUICKBOOT_POWERON" />
308-->[com.onesignal:OneSignal:4.8.6] AndroidManifest.xml:110:17-82
308-->[com.onesignal:OneSignal:4.8.6] AndroidManifest.xml:110:25-79
309            </intent-filter>
310        </receiver>
311        <receiver
311-->src\main\AndroidManifest.xml:255:9-258:48
312            android:name="com.onesignal.UpgradeReceiver"
312-->src\main\AndroidManifest.xml:256:13-57
313            android:exported="true" >
313-->src\main\AndroidManifest.xml:257:13-36
314            <intent-filter>
314-->[com.onesignal:OneSignal:4.8.6] AndroidManifest.xml:116:13-118:29
315                <action android:name="android.intent.action.MY_PACKAGE_REPLACED" />
315-->[com.onesignal:OneSignal:4.8.6] AndroidManifest.xml:117:17-84
315-->[com.onesignal:OneSignal:4.8.6] AndroidManifest.xml:117:25-81